Mon Jun 04 2018 16:03:16 GMT+0200 (Hora de verano romance): GET /about
Mon Jun 04 2018 16:03:20 GMT+0200 (Hora de verano romance): GET /
Mon Jun 04 2018 16:03:21 GMT+0200 (Hora de verano romance): GET /about
Mon Jun 04 2018 16:08:16 GMT+0200 (Hora de verano romance): GET /about
Mon Jun 04 2018 16:08:17 GMT+0200 (Hora de verano romance): GET /about
Mon Jun 04 2018 16:08:20 GMT+0200 (Hora de verano romance): GET /maintenance
Mon Jun 04 2018 16:08:22 GMT+0200 (Hora de verano romance): GET /maintenance
Mon Jun 04 2018 16:08:35 GMT+0200 (Hora de verano romance): GET /maintenance
Mon Jun 04 2018 16:09:07 GMT+0200 (Hora de verano romance): GET /about
Mon Jun 04 2018 16:09:09 GMT+0200 (Hora de verano romance): GET /about
Mon Jun 04 2018 16:09:11 GMT+0200 (Hora de verano romance): GET /maintenance
Mon Jun 04 2018 16:10:49 GMT+0200 (Hora de verano romance): GET /about
Mon Jun 04 2018 16:10:52 GMT+0200 (Hora de verano romance): GET /maintenance
Mon Jun 04 2018 16:11:24 GMT+0200 (Hora de verano romance): GET /55
Mon Jun 04 2018 16:12:08 GMT+0200 (Hora de verano romance): GET /about
Mon Jun 04 2018 16:12:09 GMT+0200 (Hora de verano romance): GET /about
Mon Jun 04 2018 16:12:11 GMT+0200 (Hora de verano romance): GET /
Mon Jun 04 2018 16:12:13 GMT+0200 (Hora de verano romance): GET /
Mon Jun 04 2018 16:13:02 GMT+0200 (Hora de verano romance): GET /
Mon Jun 04 2018 16:13:45 GMT+0200 (Hora de verano romance): GET /
Mon Jun 04 2018 16:13:48 GMT+0200 (Hora de verano romance): GET /help.html
Mon Jun 04 2018 16:13:50 GMT+0200 (Hora de verano romance): GET /help.html
Mon Jun 04 2018 16:14:20 GMT+0200 (Hora de verano romance): GET /
Mon Jun 04 2018 16:14:21 GMT+0200 (Hora de verano romance): GET /
Mon Jun 04 2018 16:14:22 GMT+0200 (Hora de verano romance): GET /about
Mon Jun 04 2018 16:14:23 GMT+0200 (Hora de verano romance): GET /
Tue Jun 05 2018 11:44:42 GMT+0200 (Hora de verano romance): GET /
Tue Jun 05 2018 11:44:42 GMT+0200 (Hora de verano romance): GET /favicon.ico
Tue Jun 05 2018 11:44:47 GMT+0200 (Hora de verano romance): GET /projects
Tue Jun 05 2018 11:44:48 GMT+0200 (Hora de verano romance): GET /about
Tue Jun 05 2018 11:44:49 GMT+0200 (Hora de verano romance): GET /
Tue Jun 05 2018 11:44:49 GMT+0200 (Hora de verano romance): GET /about
Tue Jun 05 2018 11:44:49 GMT+0200 (Hora de verano romance): GET /projects
